#! /c/Source/iverilog-install/bin/vvp
:ivl_version "12.0 (devel)" "(s20150603-1539-g2693dd32b)";
:ivl_delay_selection "TYPICAL";
:vpi_time_precision + 0;
:vpi_module "C:\iverilog\lib\ivl\system.vpi";
:vpi_module "C:\iverilog\lib\ivl\vhdl_sys.vpi";
:vpi_module "C:\iverilog\lib\ivl\vhdl_textio.vpi";
:vpi_module "C:\iverilog\lib\ivl\v2005_math.vpi";
:vpi_module "C:\iverilog\lib\ivl\va_math.vpi";
S_0000023daf69b990 .scope module, "ALU" "ALU" 2 1;
 .timescale 0 0;
    .port_info 0 /INPUT 32 "A";
    .port_info 1 /INPUT 32 "B";
    .port_info 2 /INPUT 4 "ALUControl";
    .port_info 3 /OUTPUT 32 "Result";
    .port_info 4 /OUTPUT 1 "Zero";
o0000023daf6eafa8 .functor BUFZ 32, C4<zzzzzzzzzzzzzzzzzzzzzzzzzzzzzzzz>; HiZ drive
v0000023daf6b34d0_0 .net "A", 31 0, o0000023daf6eafa8;  0 drivers
o0000023daf6eafd8 .functor BUFZ 4, C4<zzzz>; HiZ drive
v0000023daf6b3860_0 .net "ALUControl", 3 0, o0000023daf6eafd8;  0 drivers
o0000023daf6eb008 .functor BUFZ 32, C4<zzzzzzzzzzzzzzzzzzzzzzzzzzzzzzzz>; HiZ drive
v0000023daf69bb20_0 .net "B", 31 0, o0000023daf6eb008;  0 drivers
v0000023daf69bbc0_0 .var "Result", 31 0;
v0000023daf69bc60_0 .net "Zero", 0 0, L_0000023daf6e4130;  1 drivers
L_0000023daf734028 .functor BUFT 1, C4<00000000000000000000000000000000>, C4<0>, C4<0>, C4<0>;
v0000023daf6e3ff0_0 .net/2u *"_ivl_0", 31 0, L_0000023daf734028;  1 drivers
v0000023daf6e4090_0 .var/i "i", 31 0;
E_0000023daf69ac40 .event anyedge, v0000023daf6b3860_0, v0000023daf6b34d0_0, v0000023daf69bb20_0;
L_0000023daf6e4130 .cmp/eq 32, v0000023daf69bbc0_0, L_0000023daf734028;
    .scope S_0000023daf69b990;
T_0 ;
    %wait E_0000023daf69ac40;
    %load/vec4 v0000023daf6b3860_0;
    %dup/vec4;
    %pushi/vec4 0, 0, 4;
    %cmp/u;
    %jmp/1 T_0.0, 6;
    %dup/vec4;
    %pushi/vec4 1, 0, 4;
    %cmp/u;
    %jmp/1 T_0.1, 6;
    %dup/vec4;
    %pushi/vec4 2, 0, 4;
    %cmp/u;
    %jmp/1 T_0.2, 6;
    %dup/vec4;
    %pushi/vec4 3, 0, 4;
    %cmp/u;
    %jmp/1 T_0.3, 6;
    %dup/vec4;
    %pushi/vec4 4, 0, 4;
    %cmp/u;
    %jmp/1 T_0.4, 6;
    %dup/vec4;
    %pushi/vec4 5, 0, 4;
    %cmp/u;
    %jmp/1 T_0.5, 6;
    %dup/vec4;
    %pushi/vec4 6, 0, 4;
    %cmp/u;
    %jmp/1 T_0.6, 6;
    %dup/vec4;
    %pushi/vec4 7, 0, 4;
    %cmp/u;
    %jmp/1 T_0.7, 6;
    %dup/vec4;
    %pushi/vec4 8, 0, 4;
    %cmp/u;
    %jmp/1 T_0.8, 6;
    %dup/vec4;
    %pushi/vec4 9, 0, 4;
    %cmp/u;
    %jmp/1 T_0.9, 6;
    %dup/vec4;
    %pushi/vec4 10, 0, 4;
    %cmp/u;
    %jmp/1 T_0.10, 6;
    %dup/vec4;
    %pushi/vec4 11, 0, 4;
    %cmp/u;
    %jmp/1 T_0.11, 6;
    %dup/vec4;
    %pushi/vec4 12, 0, 4;
    %cmp/u;
    %jmp/1 T_0.12, 6;
    %dup/vec4;
    %pushi/vec4 13, 0, 4;
    %cmp/u;
    %jmp/1 T_0.13, 6;
    %dup/vec4;
    %pushi/vec4 14, 0, 4;
    %cmp/u;
    %jmp/1 T_0.14, 6;
    %dup/vec4;
    %pushi/vec4 15, 0, 4;
    %cmp/u;
    %jmp/1 T_0.15, 6;
    %pushi/vec4 0, 0, 32;
    %store/vec4 v0000023daf69bbc0_0, 0, 32;
    %jmp T_0.17;
T_0.0 ;
    %load/vec4 v0000023daf6b34d0_0;
    %load/vec4 v0000023daf69bb20_0;
    %and;
    %store/vec4 v0000023daf69bbc0_0, 0, 32;
    %jmp T_0.17;
T_0.1 ;
    %load/vec4 v0000023daf6b34d0_0;
    %load/vec4 v0000023daf69bb20_0;
    %parti/s 5, 0, 2;
    %ix/vec4 4;
    %shiftl 4;
    %store/vec4 v0000023daf69bbc0_0, 0, 32;
    %jmp T_0.17;
T_0.2 ;
    %load/vec4 v0000023daf6b34d0_0;
    %load/vec4 v0000023daf69bb20_0;
    %add;
    %store/vec4 v0000023daf69bbc0_0, 0, 32;
    %jmp T_0.17;
T_0.3 ;
    %load/vec4 v0000023daf6b34d0_0;
    %load/vec4 v0000023daf69bb20_0;
    %parti/s 5, 0, 2;
    %ix/vec4 4;
    %shiftr 4;
    %store/vec4 v0000023daf69bbc0_0, 0, 32;
    %jmp T_0.17;
T_0.4 ;
    %load/vec4 v0000023daf6b34d0_0;
    %load/vec4 v0000023daf69bb20_0;
    %xor;
    %store/vec4 v0000023daf69bbc0_0, 0, 32;
    %jmp T_0.17;
T_0.5 ;
    %load/vec4 v0000023daf6b34d0_0;
    %load/vec4 v0000023daf69bb20_0;
    %parti/s 5, 0, 2;
    %ix/vec4 4;
    %shiftr/s 4;
    %store/vec4 v0000023daf69bbc0_0, 0, 32;
    %jmp T_0.17;
T_0.6 ;
    %load/vec4 v0000023daf6b34d0_0;
    %load/vec4 v0000023daf69bb20_0;
    %sub;
    %store/vec4 v0000023daf69bbc0_0, 0, 32;
    %jmp T_0.17;
T_0.7 ;
    %load/vec4 v0000023daf6b34d0_0;
    %load/vec4 v0000023daf69bb20_0;
    %cmp/s;
    %flag_mov 8, 5;
    %jmp/0 T_0.18, 8;
    %pushi/vec4 1, 0, 32;
    %jmp/1 T_0.19, 8;
T_0.18 ; End of true expr.
    %pushi/vec4 0, 0, 32;
    %jmp/0 T_0.19, 8;
 ; End of false expr.
    %blend;
T_0.19;
    %store/vec4 v0000023daf69bbc0_0, 0, 32;
    %jmp T_0.17;
T_0.8 ;
    %load/vec4 v0000023daf6b34d0_0;
    %load/vec4 v0000023daf69bb20_0;
    %cmp/u;
    %flag_mov 8, 5;
    %jmp/0 T_0.20, 8;
    %pushi/vec4 1, 0, 32;
    %jmp/1 T_0.21, 8;
T_0.20 ; End of true expr.
    %pushi/vec4 0, 0, 32;
    %jmp/0 T_0.21, 8;
 ; End of false expr.
    %blend;
T_0.21;
    %store/vec4 v0000023daf69bbc0_0, 0, 32;
    %jmp T_0.17;
T_0.9 ;
    %load/vec4 v0000023daf6b34d0_0;
    %load/vec4 v0000023daf69bb20_0;
    %or;
    %store/vec4 v0000023daf69bbc0_0, 0, 32;
    %jmp T_0.17;
T_0.10 ;
    %load/vec4 v0000023daf69bb20_0;
    %store/vec4 v0000023daf69bbc0_0, 0, 32;
    %jmp T_0.17;
T_0.11 ;
    %load/vec4 v0000023daf6b34d0_0;
    %store/vec4 v0000023daf69bbc0_0, 0, 32;
    %jmp T_0.17;
T_0.12 ;
    %load/vec4 v0000023daf6b34d0_0;
    %load/vec4 v0000023daf69bb20_0;
    %or;
    %inv;
    %store/vec4 v0000023daf69bbc0_0, 0, 32;
    %jmp T_0.17;
T_0.13 ;
    %load/vec4 v0000023daf6b34d0_0;
    %load/vec4 v0000023daf69bb20_0;
    %and;
    %inv;
    %store/vec4 v0000023daf69bbc0_0, 0, 32;
    %jmp T_0.17;
T_0.14 ;
    %load/vec4 v0000023daf6b34d0_0;
    %inv;
    %store/vec4 v0000023daf69bbc0_0, 0, 32;
    %jmp T_0.17;
T_0.15 ;
    %pushi/vec4 32, 0, 32;
    %store/vec4 v0000023daf69bbc0_0, 0, 32;
    %pushi/vec4 0, 0, 32;
    %store/vec4 v0000023daf6e4090_0, 0, 32;
T_0.22 ;
    %load/vec4 v0000023daf6e4090_0;
    %cmpi/s 32, 0, 32;
    %jmp/0xz T_0.23, 5;
    %load/vec4 v0000023daf6b34d0_0;
    %load/vec4 v0000023daf6e4090_0;
    %part/s 1;
    %cmpi/e 1, 0, 1;
    %jmp/0xz  T_0.24, 4;
    %load/vec4 v0000023daf6e4090_0;
    %store/vec4 v0000023daf69bbc0_0, 0, 32;
T_0.24 ;
    %load/vec4 v0000023daf6e4090_0;
    %addi 1, 0, 32;
    %store/vec4 v0000023daf6e4090_0, 0, 32;
    %jmp T_0.22;
T_0.23 ;
    %jmp T_0.17;
T_0.17 ;
    %pop/vec4 1;
    %jmp T_0;
    .thread T_0, $push;
# The file index is used to find the file name in the following table.
:file_names 3;
    "N/A";
    "<interactive>";
    ".\ALU.v";
