#! /c/Source/iverilog-install/bin/vvp
:ivl_version "12.0 (devel)" "(s20150603-1539-g2693dd32b)";
:ivl_delay_selection "TYPICAL";
:vpi_time_precision - 12;
:vpi_module "C:\iverilog\lib\ivl\system.vpi";
:vpi_module "C:\iverilog\lib\ivl\vhdl_sys.vpi";
:vpi_module "C:\iverilog\lib\ivl\vhdl_textio.vpi";
:vpi_module "C:\iverilog\lib\ivl\v2005_math.vpi";
:vpi_module "C:\iverilog\lib\ivl\va_math.vpi";
S_000002a1cd0bccb0 .scope module, "s_axil_tb" "s_axil_tb" 2 3;
 .timescale -9 -12;
v000002a1cd152c00_0 .var "aclk", 0 0;
v000002a1cd1525c0_0 .var "aresetn", 0 0;
v000002a1cd151440_0 .net "m_axis_tdata", 31 0, v000002a1cd0bd980_0;  1 drivers
v000002a1cd1520c0_0 .var "m_axis_tready", 0 0;
v000002a1cd151d00_0 .net "m_axis_tvalid", 0 0, v000002a1cd0bcf80_0;  1 drivers
v000002a1cd151e40_0 .var "s_axi_araddr", 3 0;
v000002a1cd152480_0 .net "s_axi_arready", 0 0, v000002a1cd0bd660_0;  1 drivers
v000002a1cd152d40_0 .var "s_axi_arvalid", 0 0;
v000002a1cd1523e0_0 .var "s_axi_awaddr", 3 0;
v000002a1cd152980_0 .net "s_axi_awready", 0 0, v000002a1cd0bd0c0_0;  1 drivers
v000002a1cd152520_0 .var "s_axi_awvalid", 0 0;
v000002a1cd151b20_0 .var "s_axi_bready", 0 0;
v000002a1cd152660_0 .net "s_axi_bresp", 1 0, v000002a1cd0bdc00_0;  1 drivers
v000002a1cd152200_0 .net "s_axi_bvalid", 0 0, v000002a1cd0bdca0_0;  1 drivers
v000002a1cd151620_0 .net "s_axi_rdata", 31 0, v000002a1cd0bdb60_0;  1 drivers
v000002a1cd152700_0 .var "s_axi_rready", 0 0;
v000002a1cd1514e0_0 .net "s_axi_rresp", 1 0, v000002a1cd152340_0;  1 drivers
v000002a1cd152de0_0 .net "s_axi_rvalid", 0 0, v000002a1cd151760_0;  1 drivers
v000002a1cd1516c0_0 .var "s_axi_wdata", 31 0;
v000002a1cd1522a0_0 .net "s_axi_wready", 0 0, v000002a1cd1528e0_0;  1 drivers
v000002a1cd151580_0 .var "s_axi_wvalid", 0 0;
S_000002a1cd0f7be0 .scope task, "axi_read" "axi_read" 2 100, 2 100 0, S_000002a1cd0bccb0;
 .timescale -9 -12;
v000002a1cd0bd8e0_0 .var "addr", 3 0;
E_000002a1cd0c2bf0 .event posedge, v000002a1cd0bd2a0_0;
TD_s_axil_tb.axi_read ;
    %wait E_000002a1cd0c2bf0;
    %load/vec4 v000002a1cd0bd8e0_0;
    %store/vec4 v000002a1cd151e40_0, 0, 4;
    %pushi/vec4 1, 0, 1;
    %store/vec4 v000002a1cd152d40_0, 0, 1;
    %pushi/vec4 0, 0, 1;
    %store/vec4 v000002a1cd152700_0, 0, 1;
T_0.0 ;
    %load/vec4 v000002a1cd152480_0;
    %nor/r;
    %flag_set/vec4 8;
    %jmp/0xz T_0.1, 8;
    %wait E_000002a1cd0c2bf0;
    %jmp T_0.0;
T_0.1 ;
    %wait E_000002a1cd0c2bf0;
    %pushi/vec4 0, 0, 1;
    %store/vec4 v000002a1cd152d40_0, 0, 1;
    %pushi/vec4 1, 0, 1;
    %store/vec4 v000002a1cd152700_0, 0, 1;
T_0.2 ;
    %load/vec4 v000002a1cd152de0_0;
    %nor/r;
    %flag_set/vec4 8;
    %jmp/0xz T_0.3, 8;
    %wait E_000002a1cd0c2bf0;
    %jmp T_0.2;
T_0.3 ;
    %vpi_call 2 120 "$display", "Read from address 0x%0h: 0x%0h", v000002a1cd0bd8e0_0, v000002a1cd151620_0 {0 0 0};
    %wait E_000002a1cd0c2bf0;
    %pushi/vec4 0, 0, 1;
    %store/vec4 v000002a1cd152700_0, 0, 1;
    %wait E_000002a1cd0c2bf0;
    %wait E_000002a1cd0c2bf0;
    %end;
S_000002a1cd0f6b50 .scope task, "axi_write" "axi_write" 2 68, 2 68 0, S_000002a1cd0bccb0;
 .timescale -9 -12;
v000002a1cd0bd520_0 .var "addr", 3 0;
v000002a1cd0bd840_0 .var "data", 31 0;
TD_s_axil_tb.axi_write ;
    %wait E_000002a1cd0c2bf0;
    %load/vec4 v000002a1cd0bd520_0;
    %store/vec4 v000002a1cd1523e0_0, 0, 4;
    %pushi/vec4 1, 0, 1;
    %store/vec4 v000002a1cd152520_0, 0, 1;
    %load/vec4 v000002a1cd0bd840_0;
    %store/vec4 v000002a1cd1516c0_0, 0, 32;
    %pushi/vec4 1, 0, 1;
    %store/vec4 v000002a1cd151580_0, 0, 1;
    %pushi/vec4 1, 0, 1;
    %store/vec4 v000002a1cd151b20_0, 0, 1;
T_1.4 ;
    %load/vec4 v000002a1cd152980_0;
    %flag_set/vec4 9;
    %flag_get/vec4 9;
    %jmp/0 T_1.6, 9;
    %load/vec4 v000002a1cd1522a0_0;
    %and;
T_1.6;
    %nor/r;
    %flag_set/vec4 8;
    %jmp/0xz T_1.5, 8;
    %wait E_000002a1cd0c2bf0;
    %jmp T_1.4;
T_1.5 ;
    %wait E_000002a1cd0c2bf0;
    %pushi/vec4 0, 0, 1;
    %store/vec4 v000002a1cd152520_0, 0, 1;
    %pushi/vec4 0, 0, 1;
    %store/vec4 v000002a1cd151580_0, 0, 1;
T_1.7 ;
    %load/vec4 v000002a1cd152200_0;
    %nor/r;
    %flag_set/vec4 8;
    %jmp/0xz T_1.8, 8;
    %wait E_000002a1cd0c2bf0;
    %jmp T_1.7;
T_1.8 ;
    %wait E_000002a1cd0c2bf0;
    %pushi/vec4 0, 0, 1;
    %store/vec4 v000002a1cd151b20_0, 0, 1;
    %wait E_000002a1cd0c2bf0;
    %wait E_000002a1cd0c2bf0;
    %end;
S_000002a1cd1eb950 .scope module, "dut" "s_axil" 2 40, 3 1 0, S_000002a1cd0bccb0;
 .timescale -9 -12;
    .port_info 0 /INPUT 1 "aclk";
    .port_info 1 /INPUT 1 "aresetn";
    .port_info 2 /INPUT 4 "s_axi_awaddr";
    .port_info 3 /INPUT 1 "s_axi_awvalid";
    .port_info 4 /OUTPUT 1 "s_axi_awready";
    .port_info 5 /INPUT 32 "s_axi_wdata";
    .port_info 6 /INPUT 1 "s_axi_wvalid";
    .port_info 7 /OUTPUT 1 "s_axi_wready";
    .port_info 8 /OUTPUT 2 "s_axi_bresp";
    .port_info 9 /OUTPUT 1 "s_axi_bvalid";
    .port_info 10 /INPUT 1 "s_axi_bready";
    .port_info 11 /INPUT 4 "s_axi_araddr";
    .port_info 12 /INPUT 1 "s_axi_arvalid";
    .port_info 13 /OUTPUT 1 "s_axi_arready";
    .port_info 14 /OUTPUT 32 "s_axi_rdata";
    .port_info 15 /OUTPUT 2 "s_axi_rresp";
    .port_info 16 /OUTPUT 1 "s_axi_rvalid";
    .port_info 17 /INPUT 1 "s_axi_rready";
    .port_info 18 /OUTPUT 32 "m_axis_tdata";
    .port_info 19 /OUTPUT 1 "m_axis_tvalid";
    .port_info 20 /INPUT 1 "m_axis_tready";
P_000002a1cd0cede0 .param/l "C_AXIL_ADDR_WIDTH" 0 3 2, +C4<00000000000000000000000000000100>;
P_000002a1cd0cee18 .param/l "C_AXIL_DATA_WIDTH" 0 3 3, +C4<00000000000000000000000000100000>;
v000002a1cd0bd2a0_0 .net "aclk", 0 0, v000002a1cd152c00_0;  1 drivers
v000002a1cd0bd3e0_0 .net "aresetn", 0 0, v000002a1cd1525c0_0;  1 drivers
v000002a1cd0bdde0_0 .var "axi_araddr", 3 0;
v000002a1cd0bcee0_0 .var "feedback", 0 0;
v000002a1cd0bd700_0 .var "lfsr_active", 0 0;
v000002a1cd0bd160_0 .var "lfsr_output_valid", 0 0;
v000002a1cd0bdd40_0 .var "lfsr_reg", 7 0;
v000002a1cd0bd980_0 .var "m_axis_tdata", 31 0;
v000002a1cd0bdac0_0 .net "m_axis_tready", 0 0, v000002a1cd1520c0_0;  1 drivers
v000002a1cd0bcf80_0 .var "m_axis_tvalid", 0 0;
v000002a1cd0bd020_0 .net "s_axi_araddr", 3 0, v000002a1cd151e40_0;  1 drivers
v000002a1cd0bd660_0 .var "s_axi_arready", 0 0;
v000002a1cd0bd480_0 .net "s_axi_arvalid", 0 0, v000002a1cd152d40_0;  1 drivers
v000002a1cd0bd5c0_0 .net "s_axi_awaddr", 3 0, v000002a1cd1523e0_0;  1 drivers
v000002a1cd0bd0c0_0 .var "s_axi_awready", 0 0;
v000002a1cd0bda20_0 .net "s_axi_awvalid", 0 0, v000002a1cd152520_0;  1 drivers
v000002a1cd0bd7a0_0 .net "s_axi_bready", 0 0, v000002a1cd151b20_0;  1 drivers
v000002a1cd0bdc00_0 .var "s_axi_bresp", 1 0;
v000002a1cd0bdca0_0 .var "s_axi_bvalid", 0 0;
v000002a1cd0bdb60_0 .var "s_axi_rdata", 31 0;
v000002a1cd1511c0_0 .net "s_axi_rready", 0 0, v000002a1cd152700_0;  1 drivers
v000002a1cd152340_0 .var "s_axi_rresp", 1 0;
v000002a1cd151760_0 .var "s_axi_rvalid", 0 0;
v000002a1cd1518a0_0 .net "s_axi_wdata", 31 0, v000002a1cd1516c0_0;  1 drivers
v000002a1cd1528e0_0 .var "s_axi_wready", 0 0;
v000002a1cd152160_0 .net "s_axi_wvalid", 0 0, v000002a1cd151580_0;  1 drivers
v000002a1cd151300_0 .var "seed_reg", 7 0;
v000002a1cd152ca0_0 .var "start_reg", 0 0;
v000002a1cd152e80_0 .var "stop_reg", 0 0;
v000002a1cd151da0_0 .var "taps_reg", 7 0;
E_000002a1cd0c2df0/0 .event negedge, v000002a1cd0bd3e0_0;
E_000002a1cd0c2df0/1 .event posedge, v000002a1cd0bd2a0_0;
E_000002a1cd0c2df0 .event/or E_000002a1cd0c2df0/0, E_000002a1cd0c2df0/1;
    .scope S_000002a1cd1eb950;
T_2 ;
    %pushi/vec4 1, 0, 1;
    %store/vec4 v000002a1cd0bd0c0_0, 0, 1;
    %pushi/vec4 1, 0, 1;
    %store/vec4 v000002a1cd1528e0_0, 0, 1;
    %pushi/vec4 1, 0, 1;
    %store/vec4 v000002a1cd0bd660_0, 0, 1;
    %end;
    .thread T_2;
    .scope S_000002a1cd1eb950;
T_3 ;
    %wait E_000002a1cd0c2df0;
    %load/vec4 v000002a1cd0bd3e0_0;
    %nor/r;
    %flag_set/vec4 8;
    %jmp/0xz  T_3.0, 8;
    %pushi/vec4 1, 0, 1;
    %assign/vec4 v000002a1cd0bd0c0_0, 0;
    %jmp T_3.1;
T_3.0 ;
    %load/vec4 v000002a1cd0bd0c0_0;
    %flag_set/vec4 9;
    %flag_get/vec4 9;
    %jmp/0 T_3.4, 9;
    %load/vec4 v000002a1cd0bda20_0;
    %and;
T_3.4;
    %flag_set/vec4 8;
    %jmp/0xz  T_3.2, 8;
    %pushi/vec4 0, 0, 1;
    %assign/vec4 v000002a1cd0bd0c0_0, 0;
    %jmp T_3.3;
T_3.2 ;
    %load/vec4 v000002a1cd0bdca0_0;
    %inv;
    %flag_set/vec4 8;
    %jmp/0xz  T_3.5, 8;
    %pushi/vec4 1, 0, 1;
    %assign/vec4 v000002a1cd0bd0c0_0, 0;
T_3.5 ;
T_3.3 ;
T_3.1 ;
    %jmp T_3;
    .thread T_3;
    .scope S_000002a1cd1eb950;
T_4 ;
    %wait E_000002a1cd0c2df0;
    %load/vec4 v000002a1cd0bd3e0_0;
    %nor/r;
    %flag_set/vec4 8;
    %jmp/0xz  T_4.0, 8;
    %pushi/vec4 1, 0, 1;
    %assign/vec4 v000002a1cd1528e0_0, 0;
    %pushi/vec4 0, 0, 1;
    %assign/vec4 v000002a1cd152ca0_0, 0;
    %pushi/vec4 0, 0, 1;
    %assign/vec4 v000002a1cd152e80_0, 0;
    %pushi/vec4 1, 0, 8;
    %assign/vec4 v000002a1cd151300_0, 0;
    %pushi/vec4 142, 0, 8;
    %assign/vec4 v000002a1cd151da0_0, 0;
    %jmp T_4.1;
T_4.0 ;
    %load/vec4 v000002a1cd1528e0_0;
    %flag_set/vec4 9;
    %flag_get/vec4 9;
    %jmp/0 T_4.4, 9;
    %load/vec4 v000002a1cd152160_0;
    %and;
T_4.4;
    %flag_set/vec4 8;
    %jmp/0xz  T_4.2, 8;
    %pushi/vec4 0, 0, 1;
    %assign/vec4 v000002a1cd1528e0_0, 0;
    %load/vec4 v000002a1cd0bd5c0_0;
    %dup/vec4;
    %pushi/vec4 0, 0, 4;
    %cmp/u;
    %jmp/1 T_4.5, 6;
    %dup/vec4;
    %pushi/vec4 4, 0, 4;
    %cmp/u;
    %jmp/1 T_4.6, 6;
    %dup/vec4;
    %pushi/vec4 8, 0, 4;
    %cmp/u;
    %jmp/1 T_4.7, 6;
    %dup/vec4;
    %pushi/vec4 12, 0, 4;
    %cmp/u;
    %jmp/1 T_4.8, 6;
    %jmp T_4.10;
T_4.5 ;
    %load/vec4 v000002a1cd1518a0_0;
    %parti/s 1, 0, 2;
    %assign/vec4 v000002a1cd152ca0_0, 0;
    %jmp T_4.10;
T_4.6 ;
    %load/vec4 v000002a1cd1518a0_0;
    %parti/s 1, 0, 2;
    %assign/vec4 v000002a1cd152e80_0, 0;
    %jmp T_4.10;
T_4.7 ;
    %load/vec4 v000002a1cd1518a0_0;
    %parti/s 8, 0, 2;
    %assign/vec4 v000002a1cd151300_0, 0;
    %jmp T_4.10;
T_4.8 ;
    %load/vec4 v000002a1cd1518a0_0;
    %parti/s 8, 0, 2;
    %assign/vec4 v000002a1cd151da0_0, 0;
    %jmp T_4.10;
T_4.10 ;
    %pop/vec4 1;
    %jmp T_4.3;
T_4.2 ;
    %load/vec4 v000002a1cd0bdca0_0;
    %inv;
    %flag_set/vec4 8;
    %jmp/0xz  T_4.11, 8;
    %pushi/vec4 1, 0, 1;
    %assign/vec4 v000002a1cd1528e0_0, 0;
T_4.11 ;
T_4.3 ;
T_4.1 ;
    %jmp T_4;
    .thread T_4;
    .scope S_000002a1cd1eb950;
T_5 ;
    %wait E_000002a1cd0c2df0;
    %load/vec4 v000002a1cd0bd3e0_0;
    %nor/r;
    %flag_set/vec4 8;
    %jmp/0xz  T_5.0, 8;
    %pushi/vec4 0, 0, 1;
    %assign/vec4 v000002a1cd0bdca0_0, 0;
    %pushi/vec4 0, 0, 2;
    %assign/vec4 v000002a1cd0bdc00_0, 0;
    %jmp T_5.1;
T_5.0 ;
    %load/vec4 v000002a1cd0bd0c0_0;
    %inv;
    %flag_set/vec4 10;
    %flag_get/vec4 10;
    %jmp/0 T_5.5, 10;
    %load/vec4 v000002a1cd1528e0_0;
    %inv;
    %and;
T_5.5;
    %flag_set/vec4 9;
    %flag_get/vec4 9;
    %jmp/0 T_5.4, 9;
    %load/vec4 v000002a1cd0bdca0_0;
    %inv;
    %and;
T_5.4;
    %flag_set/vec4 8;
    %jmp/0xz  T_5.2, 8;
    %pushi/vec4 1, 0, 1;
    %assign/vec4 v000002a1cd0bdca0_0, 0;
    %pushi/vec4 0, 0, 2;
    %assign/vec4 v000002a1cd0bdc00_0, 0;
    %jmp T_5.3;
T_5.2 ;
    %load/vec4 v000002a1cd0bdca0_0;
    %flag_set/vec4 9;
    %flag_get/vec4 9;
    %jmp/0 T_5.8, 9;
    %load/vec4 v000002a1cd0bd7a0_0;
    %and;
T_5.8;
    %flag_set/vec4 8;
    %jmp/0xz  T_5.6, 8;
    %pushi/vec4 0, 0, 1;
    %assign/vec4 v000002a1cd0bdca0_0, 0;
T_5.6 ;
T_5.3 ;
T_5.1 ;
    %jmp T_5;
    .thread T_5;
    .scope S_000002a1cd1eb950;
T_6 ;
    %wait E_000002a1cd0c2df0;
    %load/vec4 v000002a1cd0bd3e0_0;
    %nor/r;
    %flag_set/vec4 8;
    %jmp/0xz  T_6.0, 8;
    %pushi/vec4 1, 0, 1;
    %assign/vec4 v000002a1cd0bd660_0, 0;
    %pushi/vec4 0, 0, 4;
    %assign/vec4 v000002a1cd0bdde0_0, 0;
    %jmp T_6.1;
T_6.0 ;
    %load/vec4 v000002a1cd0bd660_0;
    %flag_set/vec4 9;
    %flag_get/vec4 9;
    %jmp/0 T_6.4, 9;
    %load/vec4 v000002a1cd0bd480_0;
    %and;
T_6.4;
    %flag_set/vec4 8;
    %jmp/0xz  T_6.2, 8;
    %load/vec4 v000002a1cd0bd020_0;
    %assign/vec4 v000002a1cd0bdde0_0, 0;
    %pushi/vec4 0, 0, 1;
    %assign/vec4 v000002a1cd0bd660_0, 0;
    %jmp T_6.3;
T_6.2 ;
    %load/vec4 v000002a1cd151760_0;
    %flag_set/vec4 9;
    %flag_get/vec4 9;
    %jmp/0 T_6.7, 9;
    %load/vec4 v000002a1cd1511c0_0;
    %and;
T_6.7;
    %flag_set/vec4 8;
    %jmp/0xz  T_6.5, 8;
    %pushi/vec4 1, 0, 1;
    %assign/vec4 v000002a1cd0bd660_0, 0;
T_6.5 ;
T_6.3 ;
T_6.1 ;
    %jmp T_6;
    .thread T_6;
    .scope S_000002a1cd1eb950;
T_7 ;
    %wait E_000002a1cd0c2df0;
    %load/vec4 v000002a1cd0bd3e0_0;
    %nor/r;
    %flag_set/vec4 8;
    %jmp/0xz  T_7.0, 8;
    %pushi/vec4 0, 0, 1;
    %assign/vec4 v000002a1cd151760_0, 0;
    %pushi/vec4 0, 0, 2;
    %assign/vec4 v000002a1cd152340_0, 0;
    %pushi/vec4 0, 0, 32;
    %assign/vec4 v000002a1cd0bdb60_0, 0;
    %jmp T_7.1;
T_7.0 ;
    %load/vec4 v000002a1cd0bd660_0;
    %inv;
    %flag_set/vec4 9;
    %flag_get/vec4 9;
    %jmp/0 T_7.4, 9;
    %load/vec4 v000002a1cd151760_0;
    %inv;
    %and;
T_7.4;
    %flag_set/vec4 8;
    %jmp/0xz  T_7.2, 8;
    %pushi/vec4 1, 0, 1;
    %assign/vec4 v000002a1cd151760_0, 0;
    %pushi/vec4 0, 0, 2;
    %assign/vec4 v000002a1cd152340_0, 0;
    %load/vec4 v000002a1cd0bdde0_0;
    %dup/vec4;
    %pushi/vec4 0, 0, 4;
    %cmp/u;
    %jmp/1 T_7.5, 6;
    %dup/vec4;
    %pushi/vec4 4, 0, 4;
    %cmp/u;
    %jmp/1 T_7.6, 6;
    %dup/vec4;
    %pushi/vec4 8, 0, 4;
    %cmp/u;
    %jmp/1 T_7.7, 6;
    %dup/vec4;
    %pushi/vec4 12, 0, 4;
    %cmp/u;
    %jmp/1 T_7.8, 6;
    %pushi/vec4 3735928559, 0, 32;
    %assign/vec4 v000002a1cd0bdb60_0, 0;
    %jmp T_7.10;
T_7.5 ;
    %pushi/vec4 0, 0, 31;
    %load/vec4 v000002a1cd152ca0_0;
    %concat/vec4; draw_concat_vec4
    %assign/vec4 v000002a1cd0bdb60_0, 0;
    %jmp T_7.10;
T_7.6 ;
    %pushi/vec4 0, 0, 31;
    %load/vec4 v000002a1cd152e80_0;
    %concat/vec4; draw_concat_vec4
    %assign/vec4 v000002a1cd0bdb60_0, 0;
    %jmp T_7.10;
T_7.7 ;
    %pushi/vec4 0, 0, 24;
    %load/vec4 v000002a1cd151300_0;
    %concat/vec4; draw_concat_vec4
    %assign/vec4 v000002a1cd0bdb60_0, 0;
    %jmp T_7.10;
T_7.8 ;
    %pushi/vec4 0, 0, 24;
    %load/vec4 v000002a1cd151da0_0;
    %concat/vec4; draw_concat_vec4
    %assign/vec4 v000002a1cd0bdb60_0, 0;
    %jmp T_7.10;
T_7.10 ;
    %pop/vec4 1;
    %jmp T_7.3;
T_7.2 ;
    %load/vec4 v000002a1cd151760_0;
    %flag_set/vec4 9;
    %flag_get/vec4 9;
    %jmp/0 T_7.13, 9;
    %load/vec4 v000002a1cd1511c0_0;
    %and;
T_7.13;
    %flag_set/vec4 8;
    %jmp/0xz  T_7.11, 8;
    %pushi/vec4 0, 0, 1;
    %assign/vec4 v000002a1cd151760_0, 0;
T_7.11 ;
T_7.3 ;
T_7.1 ;
    %jmp T_7;
    .thread T_7;
    .scope S_000002a1cd1eb950;
T_8 ;
    %wait E_000002a1cd0c2df0;
    %load/vec4 v000002a1cd0bd3e0_0;
    %nor/r;
    %flag_set/vec4 8;
    %jmp/0xz  T_8.0, 8;
    %pushi/vec4 0, 0, 8;
    %assign/vec4 v000002a1cd0bdd40_0, 0;
    %pushi/vec4 0, 0, 1;
    %assign/vec4 v000002a1cd0bd700_0, 0;
    %pushi/vec4 0, 0, 1;
    %assign/vec4 v000002a1cd0bd160_0, 0;
    %jmp T_8.1;
T_8.0 ;
    %load/vec4 v000002a1cd152ca0_0;
    %flag_set/vec4 10;
    %flag_get/vec4 10;
    %jmp/0 T_8.5, 10;
    %load/vec4 v000002a1cd152e80_0;
    %nor/r;
    %and;
T_8.5;
    %flag_set/vec4 9;
    %flag_get/vec4 9;
    %jmp/0 T_8.4, 9;
    %load/vec4 v000002a1cd0bd700_0;
    %nor/r;
    %and;
T_8.4;
    %flag_set/vec4 8;
    %jmp/0xz  T_8.2, 8;
    %load/vec4 v000002a1cd151300_0;
    %assign/vec4 v000002a1cd0bdd40_0, 0;
    %pushi/vec4 1, 0, 1;
    %assign/vec4 v000002a1cd0bd700_0, 0;
    %pushi/vec4 1, 0, 1;
    %assign/vec4 v000002a1cd0bd160_0, 0;
    %jmp T_8.3;
T_8.2 ;
    %load/vec4 v000002a1cd152e80_0;
    %flag_set/vec4 8;
    %jmp/0xz  T_8.6, 8;
    %pushi/vec4 0, 0, 1;
    %assign/vec4 v000002a1cd0bd700_0, 0;
    %pushi/vec4 0, 0, 1;
    %assign/vec4 v000002a1cd0bd160_0, 0;
T_8.6 ;
T_8.3 ;
    %load/vec4 v000002a1cd0bd700_0;
    %flag_set/vec4 9;
    %flag_get/vec4 9;
    %jmp/0 T_8.10, 9;
    %load/vec4 v000002a1cd0bdac0_0;
    %and;
T_8.10;
    %flag_set/vec4 8;
    %jmp/0xz  T_8.8, 8;
    %load/vec4 v000002a1cd0bdd40_0;
    %load/vec4 v000002a1cd151da0_0;
    %and;
    %xor/r;
    %store/vec4 v000002a1cd0bcee0_0, 0, 1;
    %load/vec4 v000002a1cd0bdd40_0;
    %parti/s 7, 0, 2;
    %load/vec4 v000002a1cd0bcee0_0;
    %concat/vec4; draw_concat_vec4
    %assign/vec4 v000002a1cd0bdd40_0, 0;
    %pushi/vec4 1, 0, 1;
    %assign/vec4 v000002a1cd0bd160_0, 0;
    %jmp T_8.9;
T_8.8 ;
    %load/vec4 v000002a1cd0bd700_0;
    %assign/vec4 v000002a1cd0bd160_0, 0;
T_8.9 ;
T_8.1 ;
    %jmp T_8;
    .thread T_8;
    .scope S_000002a1cd1eb950;
T_9 ;
    %wait E_000002a1cd0c2df0;
    %load/vec4 v000002a1cd0bd3e0_0;
    %nor/r;
    %flag_set/vec4 8;
    %jmp/0xz  T_9.0, 8;
    %pushi/vec4 0, 0, 1;
    %assign/vec4 v000002a1cd0bcf80_0, 0;
    %pushi/vec4 0, 0, 32;
    %assign/vec4 v000002a1cd0bd980_0, 0;
    %jmp T_9.1;
T_9.0 ;
    %load/vec4 v000002a1cd0bd160_0;
    %flag_set/vec4 9;
    %flag_get/vec4 9;
    %jmp/0 T_9.4, 9;
    %load/vec4 v000002a1cd0bdac0_0;
    %and;
T_9.4;
    %flag_set/vec4 8;
    %jmp/0xz  T_9.2, 8;
    %pushi/vec4 0, 0, 24;
    %load/vec4 v000002a1cd0bdd40_0;
    %concat/vec4; draw_concat_vec4
    %assign/vec4 v000002a1cd0bd980_0, 0;
    %pushi/vec4 1, 0, 1;
    %assign/vec4 v000002a1cd0bcf80_0, 0;
    %jmp T_9.3;
T_9.2 ;
    %load/vec4 v000002a1cd0bdac0_0;
    %flag_set/vec4 8;
    %jmp/0xz  T_9.5, 8;
    %pushi/vec4 0, 0, 1;
    %assign/vec4 v000002a1cd0bcf80_0, 0;
T_9.5 ;
T_9.3 ;
T_9.1 ;
    %jmp T_9;
    .thread T_9;
    .scope S_000002a1cd0bccb0;
T_10 ;
    %delay 5000, 0;
    %load/vec4 v000002a1cd152c00_0;
    %inv;
    %store/vec4 v000002a1cd152c00_0, 0, 1;
    %jmp T_10;
    .thread T_10;
    .scope S_000002a1cd0bccb0;
T_11 ;
    %pushi/vec4 0, 0, 1;
    %store/vec4 v000002a1cd152c00_0, 0, 1;
    %pushi/vec4 0, 0, 1;
    %store/vec4 v000002a1cd1525c0_0, 0, 1;
    %pushi/vec4 0, 0, 4;
    %store/vec4 v000002a1cd1523e0_0, 0, 4;
    %pushi/vec4 0, 0, 1;
    %store/vec4 v000002a1cd152520_0, 0, 1;
    %pushi/vec4 0, 0, 32;
    %store/vec4 v000002a1cd1516c0_0, 0, 32;
    %pushi/vec4 0, 0, 1;
    %store/vec4 v000002a1cd151580_0, 0, 1;
    %pushi/vec4 0, 0, 1;
    %store/vec4 v000002a1cd151b20_0, 0, 1;
    %pushi/vec4 0, 0, 4;
    %store/vec4 v000002a1cd151e40_0, 0, 4;
    %pushi/vec4 0, 0, 1;
    %store/vec4 v000002a1cd152d40_0, 0, 1;
    %pushi/vec4 0, 0, 1;
    %store/vec4 v000002a1cd152700_0, 0, 1;
    %pushi/vec4 1, 0, 1;
    %store/vec4 v000002a1cd1520c0_0, 0, 1;
    %vpi_call 2 148 "$dumpfile", "s_axil_tb.vcd" {0 0 0};
    %vpi_call 2 149 "$dumpvars", 32'sb00000000000000000000000000000000, S_000002a1cd0bccb0 {0 0 0};
    %pushi/vec4 5, 0, 32;
T_11.0 %dup/vec4;
    %pushi/vec4 0, 0, 32;
    %cmp/s;
    %jmp/1xz T_11.1, 5;
    %jmp/1 T_11.1, 4;
    %pushi/vec4 1, 0, 32;
    %sub;
    %wait E_000002a1cd0c2bf0;
    %jmp T_11.0;
T_11.1 ;
    %pop/vec4 1;
    %pushi/vec4 1, 0, 1;
    %store/vec4 v000002a1cd1525c0_0, 0, 1;
    %pushi/vec4 2, 0, 32;
T_11.2 %dup/vec4;
    %pushi/vec4 0, 0, 32;
    %cmp/s;
    %jmp/1xz T_11.3, 5;
    %jmp/1 T_11.3, 4;
    %pushi/vec4 1, 0, 32;
    %sub;
    %wait E_000002a1cd0c2bf0;
    %jmp T_11.2;
T_11.3 ;
    %pop/vec4 1;
    %vpi_call 2 157 "$display", "Starting AXI-Lite Test Sequence" {0 0 0};
    %vpi_call 2 160 "$display", "\012Writing seed value 0xA5 to register 0x8" {0 0 0};
    %pushi/vec4 8, 0, 4;
    %store/vec4 v000002a1cd0bd520_0, 0, 4;
    %pushi/vec4 165, 0, 32;
    %store/vec4 v000002a1cd0bd840_0, 0, 32;
    %fork TD_s_axil_tb.axi_write, S_000002a1cd0f6b50;
    %join;
    %vpi_call 2 162 "$display", "Seed register write completed" {0 0 0};
    %vpi_call 2 165 "$display", "\012Writing taps value 0xB8 to register 0xC" {0 0 0};
    %pushi/vec4 12, 0, 4;
    %store/vec4 v000002a1cd0bd520_0, 0, 4;
    %pushi/vec4 184, 0, 32;
    %store/vec4 v000002a1cd0bd840_0, 0, 32;
    %fork TD_s_axil_tb.axi_write, S_000002a1cd0f6b50;
    %join;
    %vpi_call 2 167 "$display", "Taps register write completed" {0 0 0};
    %vpi_call 2 170 "$display", "\012Reading back seed value from register 0x8" {0 0 0};
    %pushi/vec4 8, 0, 4;
    %store/vec4 v000002a1cd0bd8e0_0, 0, 4;
    %fork TD_s_axil_tb.axi_read, S_000002a1cd0f7be0;
    %join;
    %vpi_call 2 174 "$display", "\012Reading back taps value from register 0xC" {0 0 0};
    %pushi/vec4 12, 0, 4;
    %store/vec4 v000002a1cd0bd8e0_0, 0, 4;
    %fork TD_s_axil_tb.axi_read, S_000002a1cd0f7be0;
    %join;
    %vpi_call 2 178 "$display", "\012Starting LFSR by writing 1 to register 0x0" {0 0 0};
    %pushi/vec4 0, 0, 4;
    %store/vec4 v000002a1cd0bd520_0, 0, 4;
    %pushi/vec4 1, 0, 32;
    %store/vec4 v000002a1cd0bd840_0, 0, 32;
    %fork TD_s_axil_tb.axi_write, S_000002a1cd0f6b50;
    %join;
    %vpi_call 2 180 "$display", "LFSR start command sent" {0 0 0};
    %vpi_call 2 183 "$display", "\012Reading back control register 0x0" {0 0 0};
    %pushi/vec4 0, 0, 4;
    %store/vec4 v000002a1cd0bd8e0_0, 0, 4;
    %fork TD_s_axil_tb.axi_read, S_000002a1cd0f7be0;
    %join;
    %vpi_call 2 187 "$display", "\012Waiting for LFSR outputs..." {0 0 0};
    %pushi/vec4 10, 0, 32;
T_11.4 %dup/vec4;
    %pushi/vec4 0, 0, 32;
    %cmp/s;
    %jmp/1xz T_11.5, 5;
    %jmp/1 T_11.5, 4;
    %pushi/vec4 1, 0, 32;
    %sub;
    %wait E_000002a1cd0c2bf0;
    %jmp T_11.4;
T_11.5 ;
    %pop/vec4 1;
    %vpi_call 2 191 "$display", "\012Stopping LFSR by writing 1 to register 0x4" {0 0 0};
    %pushi/vec4 4, 0, 4;
    %store/vec4 v000002a1cd0bd520_0, 0, 4;
    %pushi/vec4 1, 0, 32;
    %store/vec4 v000002a1cd0bd840_0, 0, 32;
    %fork TD_s_axil_tb.axi_write, S_000002a1cd0f6b50;
    %join;
    %vpi_call 2 193 "$display", "LFSR stop command sent" {0 0 0};
    %vpi_call 2 196 "$display", "\012Reading back stop register 0x4" {0 0 0};
    %pushi/vec4 4, 0, 4;
    %store/vec4 v000002a1cd0bd8e0_0, 0, 4;
    %fork TD_s_axil_tb.axi_read, S_000002a1cd0f7be0;
    %join;
    %vpi_call 2 200 "$display", "\012Test complete" {0 0 0};
    %pushi/vec4 10, 0, 32;
T_11.6 %dup/vec4;
    %pushi/vec4 0, 0, 32;
    %cmp/s;
    %jmp/1xz T_11.7, 5;
    %jmp/1 T_11.7, 4;
    %pushi/vec4 1, 0, 32;
    %sub;
    %wait E_000002a1cd0c2bf0;
    %jmp T_11.6;
T_11.7 ;
    %pop/vec4 1;
    %vpi_call 2 202 "$finish" {0 0 0};
    %end;
    .thread T_11;
    .scope S_000002a1cd0bccb0;
T_12 ;
T_12.0 ;
    %wait E_000002a1cd0c2bf0;
    %load/vec4 v000002a1cd151d00_0;
    %flag_set/vec4 9;
    %flag_get/vec4 9;
    %jmp/0 T_12.3, 9;
    %load/vec4 v000002a1cd1520c0_0;
    %and;
T_12.3;
    %flag_set/vec4 8;
    %jmp/0xz  T_12.1, 8;
    %vpi_call 2 210 "$display", "LFSR Output: 0x%0h at time %0t", v000002a1cd151440_0, $time {0 0 0};
T_12.1 ;
    %jmp T_12.0;
    %end;
    .thread T_12;
# The file index is used to find the file name in the following table.
:file_names 4;
    "N/A";
    "<interactive>";
    ".\system_tb.v";
    ".\saxl_lfsr.v";
